<?xml version="1.0" encoding="UTF-8"?>
<testsuite name="com.mirror.auth.AuthApplicationTests" tests="1" skipped="0" failures="0" errors="0" timestamp="2024-07-07T09:51:16" hostname="miraui-MacBookPro.local" time="0.319">
  <properties/>
  <testcase name="contextLoads()" classname="com.mirror.auth.AuthApplicationTests" time="0.319"/>
  <system-out><![CDATA[18:51:15.394 [Test worker] INFO org.springframework.test.context.support.AnnotationConfigContextLoaderUtils -- Could not detect default configuration classes for test class [com.mirror.auth.AuthApplicationTests]: AuthApplicationTests does not declare any static, non-private, non-final, nested classes annotated with @Configuration.
18:51:15.436 [Test worker] INFO org.springframework.boot.test.context.SpringBootTestContextBootstrapper -- Found @SpringBootConfiguration com.mirror.auth.AuthApplication for test class com.mirror.auth.AuthApplicationTests

  .   ____          _            __ _ _
 /\\ / ___'_ __ _ _(_)_ __  __ _ \ \ \ \
( ( )\___ | '_ | '_| | '_ \/ _` | \ \ \ \
 \\/  ___)| |_)| | | | | || (_| |  ) ) ) )
  '  |____| .__|_| |_|_| |_\__, | / / / /
 =========|_|==============|___/=/_/_/_/

 :: Spring Boot ::                (v3.3.1)

2024-07-07T18:51:15.589+09:00  INFO 4236 --- [auth] [    Test worker] com.mirror.auth.AuthApplicationTests     : Starting AuthApplicationTests using Java 17.0.7 with PID 4236 (started by mira in /Users/mira/Documents/project/intellj/Mirror/mirror-auth)
2024-07-07T18:51:15.589+09:00  INFO 4236 --- [auth] [    Test worker] com.mirror.auth.AuthApplicationTests     : No active profile set, falling back to 1 default profile: "default"
2024-07-07T18:51:15.867+09:00  INFO 4236 --- [auth] [    Test worker] .s.d.r.c.RepositoryConfigurationDelegate : Bootstrapping Spring Data JPA repositories in DEFAULT mode.
2024-07-07T18:51:15.875+09:00  INFO 4236 --- [auth] [    Test worker] .s.d.r.c.RepositoryConfigurationDelegate : Finished Spring Data repository scanning in 4 ms. Found 0 JPA repository interfaces.
2024-07-07T18:51:16.061+09:00  INFO 4236 --- [auth] [    Test worker] com.zaxxer.hikari.HikariDataSource       : HikariPool-1 - Starting...
2024-07-07T18:51:16.140+09:00  INFO 4236 --- [auth] [    Test worker] com.zaxxer.hikari.pool.HikariPool        : HikariPool-1 - Added connection conn0: url=jdbc:h2:mem:d03c372a-9c97-4b43-b471-bbe9568dee21 user=SA
2024-07-07T18:51:16.141+09:00  INFO 4236 --- [auth] [    Test worker] com.zaxxer.hikari.HikariDataSource       : HikariPool-1 - Start completed.
2024-07-07T18:51:16.164+09:00  INFO 4236 --- [auth] [    Test worker] o.hibernate.jpa.internal.util.LogHelper  : HHH000204: Processing PersistenceUnitInfo [name: default]
2024-07-07T18:51:16.191+09:00  INFO 4236 --- [auth] [    Test worker] org.hibernate.Version                    : HHH000412: Hibernate ORM core version 6.5.2.Final
2024-07-07T18:51:16.211+09:00  INFO 4236 --- [auth] [    Test worker] o.h.c.internal.RegionFactoryInitiator    : HHH000026: Second-level cache disabled
2024-07-07T18:51:16.337+09:00  INFO 4236 --- [auth] [    Test worker] o.s.o.j.p.SpringPersistenceUnitInfo      : No LoadTimeWeaver setup: ignoring JPA class transformer
2024-07-07T18:51:16.507+09:00  INFO 4236 --- [auth] [    Test worker] o.h.e.t.j.p.i.JtaPlatformInitiator       : HHH000489: No JTA platform available (set 'hibernate.transaction.jta.platform' to enable JTA platform integration)
2024-07-07T18:51:16.510+09:00  INFO 4236 --- [auth] [    Test worker] j.LocalContainerEntityManagerFactoryBean : Initialized JPA EntityManagerFactory for persistence unit 'default'
2024-07-07T18:51:16.577+09:00  WARN 4236 --- [auth] [    Test worker] JpaBaseConfiguration$JpaWebConfiguration : spring.jpa.open-in-view is enabled by default. Therefore, database queries may be performed during view rendering. Explicitly configure spring.jpa.open-in-view to disable this warning
2024-07-07T18:51:16.772+09:00  WARN 4236 --- [auth] [    Test worker] .s.s.UserDetailsServiceAutoConfiguration : 

Using generated security password: 531e44f5-2639-4f9b-9ddd-f9c4ab88eb46

This generated password is for development use only. Your security configuration must be updated before running your application in production.

2024-07-07T18:51:16.786+09:00  INFO 4236 --- [auth] [    Test worker] r$InitializeUserDetailsManagerConfigurer : Global AuthenticationManager configured with UserDetailsService bean with name inMemoryUserDetailsManager
2024-07-07T18:51:16.870+09:00  INFO 4236 --- [auth] [    Test worker] com.mirror.auth.AuthApplicationTests     : Started AuthApplicationTests in 1.37 seconds (process running for 1.872)
]]></system-out>
  <system-err><![CDATA[]]></system-err>
</testsuite>
